Build started 2/3/2016 10:24:11 PM.
     1>Project "C:\Users\Gerig\Desktop\FYP Master\FYP\FYP\FYP.vcxproj" on node 2 (Build target(s)).
     1>ClCompile:
         C:\Program Files (x86)\Microsoft Visual Studio 14.0\VC\bin\CL.exe /c /IC:\SFML\include /I./ /ZI /nologo /W3 /WX- /Od /Oy- /D WIN32 /D _DEBUG /D _CONSOLE /D _UNICODE /D UNICODE /Gm /EHsc /RTC1 /MDd /GS /fp:precise /Zc:wchar_t /Zc:forScope /Zc:inline /Fo"Debug\\" /Fd"Debug\vc140.pdb" /Gd /TP /analyze- /errorReport:prompt SoundManager.cpp
         SoundManager.cpp
     1>c:\users\gerig\desktop\fyp master\fyp\fyp\soundmanager.cpp(74): warning C4305: 'argument': truncation from 'double' to 'float'
     1>c:\users\gerig\desktop\fyp master\fyp\fyp\soundmanager.cpp(81): warning C4305: 'argument': truncation from 'double' to 'float'
     1>c:\users\gerig\desktop\fyp master\fyp\fyp\soundmanager.cpp(102): warning C4244: 'argument': conversion from 'time_t' to 'unsigned int', possible loss of data
     1>c:\users\gerig\desktop\fyp master\fyp\fyp\soundmanager.cpp(138): warning C4244: '+=': conversion from 'float' to 'int', possible loss of data
     1>c:\users\gerig\desktop\fyp master\fyp\fyp\soundmanager.cpp(145): warning C4244: '-=': conversion from 'float' to 'int', possible loss of data
     1>c:\users\gerig\desktop\fyp master\fyp\fyp\soundmanager.cpp(150): warning C4244: 'argument': conversion from 'int' to 'float', possible loss of data
     1>c:\users\gerig\desktop\fyp master\fyp\fyp\soundmanager.cpp(182): warning C4244: 'initializing': conversion from 'int' to 'float', possible loss of data
     1>c:\users\gerig\desktop\fyp master\fyp\fyp\soundmanager.cpp(184): warning C4244: 'argument': conversion from 'double' to 'float', possible loss of data
     1>c:\users\gerig\desktop\fyp master\fyp\fyp\soundmanager.cpp(195): warning C4244: 'initializing': conversion from 'int' to 'float', possible loss of data
     1>c:\users\gerig\desktop\fyp master\fyp\fyp\soundmanager.cpp(208): warning C4244: 'initializing': conversion from 'int' to 'float', possible loss of data
     1>c:\users\gerig\desktop\fyp master\fyp\fyp\soundmanager.cpp(210): warning C4244: 'argument': conversion from 'double' to 'float', possible loss of data
     1>c:\users\gerig\desktop\fyp master\fyp\fyp\soundmanager.cpp(221): warning C4244: 'initializing': conversion from 'int' to 'float', possible loss of data
     1>c:\users\gerig\desktop\fyp master\fyp\fyp\soundmanager.cpp(223): warning C4305: 'argument': truncation from 'double' to 'float'
     1>c:\users\gerig\desktop\fyp master\fyp\fyp\soundmanager.cpp(234): warning C4244: 'initializing': conversion from 'int' to 'float', possible loss of data
     1>c:\users\gerig\desktop\fyp master\fyp\fyp\soundmanager.cpp(247): warning C4244: 'initializing': conversion from 'int' to 'float', possible loss of data
     1>c:\users\gerig\desktop\fyp master\fyp\fyp\soundmanager.cpp(249): warning C4244: 'argument': conversion from 'double' to 'float', possible loss of data
     1>c:\users\gerig\desktop\fyp master\fyp\fyp\soundmanager.cpp(257): warning C4244: 'initializing': conversion from 'int' to 'float', possible loss of data
     1>c:\users\gerig\desktop\fyp master\fyp\fyp\soundmanager.cpp(262): warning C4244: 'initializing': conversion from 'int' to 'float', possible loss of data
     1>c:\users\gerig\desktop\fyp master\fyp\fyp\soundmanager.cpp(264): warning C4244: 'argument': conversion from 'double' to 'float', possible loss of data
     1>c:\users\gerig\desktop\fyp master\fyp\fyp\soundmanager.cpp(272): warning C4244: 'initializing': conversion from 'int' to 'float', possible loss of data
     1>c:\users\gerig\desktop\fyp master\fyp\fyp\soundmanager.cpp(277): warning C4244: 'initializing': conversion from 'int' to 'float', possible loss of data
     1>c:\users\gerig\desktop\fyp master\fyp\fyp\soundmanager.cpp(279): warning C4244: 'argument': conversion from 'double' to 'float', possible loss of data
       Link:
         C:\Program Files (x86)\Microsoft Visual Studio 14.0\VC\bin\link.exe /ERRORREPORT:PROMPT /OUT:"C:\Users\Gerig\Desktop\FYP Master\FYP\Debug\FYP.exe" /INCREMENTAL /NOLOGO /LIBPATH:C:\SFML\lib /LIBPATH:./lib Box2D.lib "sfml-graphics-d.lib" "sfml-window-d.lib" "sfml-system-d.lib" kernel32.lib user32.lib gdi32.lib winspool.lib comdlg32.lib advapi32.lib shell32.lib ole32.lib oleaut32.lib uuid.lib odbc32.lib odbccp32.lib kernel32.lib user32.lib gdi32.lib winspool.lib comdlg32.lib advapi32.lib shell32.lib ole32.lib oleaut32.lib uuid.lib odbc32.lib odbccp32.lib /MANIFEST /MANIFESTUAC:"level='asInvoker' uiAccess='false'" /manifest:embed /Debug /PDB:"C:\Users\Gerig\Desktop\FYP Master\FYP\Debug\FYP.pdb" /SUBSYSTEM:CONSOLE /TLBID:1 /DYNAMICBASE /NXCOMPAT /IMPLIB:"C:\Users\Gerig\Desktop\FYP Master\FYP\Debug\FYP.lib" /MACHINE:X86 Debug\AnimatedSprite.obj
         Debug\Animation.obj
         Debug\AnimationManager.obj
         Debug\Globals.obj
         Debug\Main.obj
         Debug\Projectile.obj
         Debug\ProjectileManager.obj
         Debug\Ship.obj
         Debug\ShipManager.obj
         Debug\SoundManager.obj
         Debug\Thruster.obj
         Debug\Turret.obj
         Debug\UIElement.obj
         Debug\Wreck.obj
         Debug\WreckManager.obj
         FYP.vcxproj -> C:\Users\Gerig\Desktop\FYP Master\FYP\Debug\FYP.exe
     1>Done Building Project "C:\Users\Gerig\Desktop\FYP Master\FYP\FYP\FYP.vcxproj" (Build target(s)).

Build succeeded.

Time Elapsed 00:00:01.19
